<?xml version="1.0" encoding="UTF-8"?>
<testng-results ignored="0" total="2" passed="2" failed="0" skipped="0">
  <reporter-output>
  </reporter-output>
  <suite started-at="2023-11-05T21:17:09 GST" name="Default suite" finished-at="2023-11-05T21:17:27 GST" duration-ms="17556">
    <groups>
    </groups>
    <test started-at="2023-11-05T21:17:09 GST" name="Default test" finished-at="2023-11-05T21:17:27 GST" duration-ms="17556">
      <class name="saucedemo.TestCases">
        <test-method is-config="true" signature="startBrowser()[pri:0, instance:saucedemo.TestCases@659a969b]" started-at="2023-11-05T21:17:09 GST" name="startBrowser" finished-at="2023-11-05T21:17:17 GST" duration-ms="8185" status="PASS">
          <reporter-output>
          </reporter-output>
        </test-method> <!-- startBrowser -->
        <test-method signature="positiveLogin()[pri:-1, instance:saucedemo.TestCases@659a969b]" started-at="2023-11-05T21:17:17 GST" name="positiveLogin" finished-at="2023-11-05T21:17:22 GST" duration-ms="4485" status="PASS">
          <reporter-output>
          </reporter-output>
        </test-method> <!-- positiveLogin -->
        <test-method signature="Purchase()[pri:1, instance:saucedemo.TestCases@659a969b]" started-at="2023-11-05T21:17:22 GST" name="Purchase" finished-at="2023-11-05T21:17:27 GST" duration-ms="4726" status="PASS">
          <reporter-output>
          </reporter-output>
        </test-method> <!-- Purchase -->
        <test-method is-config="true" signature="closeBrowser()[pri:0, instance:saucedemo.TestCases@659a969b]" started-at="2023-11-05T21:17:27 GST" name="closeBrowser" finished-at="2023-11-05T21:17:27 GST" duration-ms="113" status="PASS">
          <reporter-output>
          </reporter-output>
        </test-method> <!-- closeBrowser -->
      </class> <!-- saucedemo.TestCases -->
    </test> <!-- Default test -->
  </suite> <!-- Default suite -->
</testng-results>
